<?xml version="1.0" encoding="UTF-8"?>
<!-- Generated by org.testng.reporters.JUnitXMLReporter -->
<testsuite ignored="0" hostname="Juhi_Sanal" failures="1" tests="1" name="Default test" time="16.003" errors="0" timestamp="2024-11-25T18:57:50 IST">
  <testcase classname="io.cucumber.testng.AbstractTestNGCucumberTests" name="runScenario" time="13.367">
    <failure type="java.lang.AssertionError" message="expected [test_011] but found [test_01]">
      <![CDATA[java.lang.AssertionError: expected [test_011] but found [test_01]
at org.testng.Assert.fail(Assert.java:110)
at org.testng.Assert.failNotEquals(Assert.java:1413)
at org.testng.Assert.assertEqualsImpl(Assert.java:149)
at org.testng.Assert.assertEquals(Assert.java:131)
at org.testng.Assert.assertEquals(Assert.java:655)
at org.testng.Assert.assertEquals(Assert.java:665)
at PageObjects.LoginPage.verifyTitle(LoginPage.java:35)
at StepDefinition.StepDefs.thePageTitleShouldContain(StepDefs.java:73)
at ✽.verify the page title(file:///C:/Users/juhim/eclipse-workspace/AutomationPOC/src/test/resources/Features/Launch.feature:8)
]]>
    </failure>
  </testcase> <!-- runScenario -->
</testsuite> <!-- Default test -->
