<?xml version="1.0" encoding="UTF-8"?>
<testsuite xmlns:xsi="http://www.w3.org/2001/XMLSchema-instance" xsi:noNamespaceSchemaLocation="https://maven.apache.org/surefire/maven-surefire-plugin/xsd/surefire-test-report-3.0.xsd" version="3.0" name="CucumberExecutor.TestRunner" time="9.706" tests="1" errors="0" skipped="0" failures="1">
  <properties>
[...]
</properties>
  <testcase name="runScenario[&quot;Verify that a new user log in, and place an order&quot;, &quot;Navigate to a URL&quot;](1)" classname="CucumberExecutor.TestRunner" time="6.859">
    <failure message="expected [test_011] but found [test_01]" type="java.lang.AssertionError"><![CDATA[java.lang.AssertionError: expected [test_011] but found [test_01]
	at org.testng.Assert.fail(Assert.java:110)
	at org.testng.Assert.failNotEquals(Assert.java:1413)
	at org.testng.Assert.assertEqualsImpl(Assert.java:149)
	at org.testng.Assert.assertEquals(Assert.java:131)
	at org.testng.Assert.assertEquals(Assert.java:655)
	at org.testng.Assert.assertEquals(Assert.java:665)
	at PageObjects.LoginPage.verifyTitle(LoginPage.java:34)
	at StepDefinition.StepDefs.thePageTitleShouldContain(StepDefs.java:61)
	at ✽.verify the page title(file:///C:/Users/juhim/eclipse-workspace/AutomationPOC/src/test/resources/Features/Launch.feature:8)
]]></failure>
    <system-out><![CDATA[
@smoke
Scenario: Verify that a new user log in, and place an order # src/test/resources/Features/Launch.feature:4
Sheet loaded successfully!
{Scenarioname=Verify that a new user log in, and place an order, url=https://www.advantageonlineshopping.com/#/, username=test_01, password=Test_001#}
  Given user opens the browser                              # StepDefinition.StepDefs.userOpensTheBrowser()
  When user navigates to url                                # StepDefinition.StepDefs.userNavigatesToURL()
Counter :1
Counter :0
  And click menu to provide login credentials               # StepDefinition.StepDefs.click_menu_to_provide_login_credentials()
  Then verify the page title                                # StepDefinition.StepDefs.thePageTitleShouldContain()
      java.lang.AssertionError: expected [test_011] but found [test_01]
	at org.testng.Assert.fail(Assert.java:110)
	at org.testng.Assert.failNotEquals(Assert.java:1413)
	at org.testng.Assert.assertEqualsImpl(Assert.java:149)
	at org.testng.Assert.assertEquals(Assert.java:131)
	at org.testng.Assert.assertEquals(Assert.java:655)
	at org.testng.Assert.assertEquals(Assert.java:665)
	at PageObjects.LoginPage.verifyTitle(LoginPage.java:34)
	at StepDefinition.StepDefs.thePageTitleShouldContain(StepDefs.java:61)
	at ✽.verify the page title(file:///C:/Users/juhim/eclipse-workspace/AutomationPOC/src/test/resources/Features/Launch.feature:8)


    Embedding Screenshot [image/png 23481 bytes]

]]></system-out>
    <system-err><![CDATA[SLF4J: Failed to load class "org.slf4j.impl.StaticLoggerBinder".
SLF4J: Defaulting to no-operation (NOP) logger implementation
SLF4J: See http://www.slf4j.org/codes.html#StaticLoggerBinder for further details.
Nov 25, 2024 6:06:39 PM org.openqa.selenium.remote.service.DriverService$Builder getLogOutput
INFO: Driver logs no longer sent to console by default; https://www.selenium.dev/documentation/webdriver/drivers/service/#setting-log-output
Nov 25, 2024 6:06:40 PM org.openqa.selenium.devtools.CdpVersionFinder findNearestMatch
WARNING: Unable to find CDP implementation matching 131
Nov 25, 2024 6:06:40 PM org.openqa.selenium.chromium.ChromiumDriver lambda$new$4
WARNING: Unable to find version of CDP to use for . You may need to include a dependency on a specific version of the CDP using something similar to `org.seleniumhq.selenium:selenium-devtools-v86:4.10.0` where the version ("v86") matches the version of the chromium-based browser you're using and the version number of the artifact is the same as Selenium's.
]]></system-err>
  </testcase>
</testsuite>